2023-05-04 18:48:36.771  INFO 15520 --- [restartedMain] org.example.Application                  : Starting Application using Java 19.0.1 on DESKTOP-5K4RKEC with PID 15520 (C:\Users\User\IdeaProjects\SpaceLab_2_1\target\classes started by User in C:\Users\User\IdeaProjects\SpaceLab_2_1)
2023-05-04 18:48:36.772  INFO 15520 --- [restartedMain] org.example.Application                  : No active profile set, falling back to default profiles: default
2023-05-04 18:48:36.798  INFO 15520 --- [restartedMain] .e.DevToolsPropertyDefaultsPostProcessor : Devtools property defaults active! Set 'spring.devtools.add-properties' to 'false' to disable
2023-05-04 18:48:36.799  INFO 15520 --- [restartedMain] .e.DevToolsPropertyDefaultsPostProcessor : For additional web related logging consider setting the 'logging.level.web' property to 'DEBUG'
2023-05-04 18:48:37.131  INFO 15520 --- [restartedMain] .s.d.r.c.RepositoryConfigurationDelegate : Bootstrapping Spring Data JPA repositories in DEFAULT mode.
2023-05-04 18:48:37.161  INFO 15520 --- [restartedMain] .s.d.r.c.RepositoryConfigurationDelegate : Finished Spring Data repository scanning in 24 ms. Found 1 JPA repository interfaces.
2023-05-04 18:48:37.489  INFO 15520 --- [restartedMain] o.s.b.w.embedded.tomcat.TomcatWebServer  : Tomcat initialized with port(s): 8080 (http)
2023-05-04 18:48:37.493  INFO 15520 --- [restartedMain] o.apache.catalina.core.StandardService   : Starting service [Tomcat]
2023-05-04 18:48:37.493  INFO 15520 --- [restartedMain] org.apache.catalina.core.StandardEngine  : Starting Servlet engine: [Apache Tomcat/9.0.56]
2023-05-04 18:48:37.533  INFO 15520 --- [restartedMain] o.a.c.c.C.[Tomcat].[localhost].[/]       : Initializing Spring embedded WebApplicationContext
2023-05-04 18:48:37.533  INFO 15520 --- [restartedMain] w.s.c.ServletWebServerApplicationContext : Root WebApplicationContext: initialization completed in 734 ms
2023-05-04 18:48:37.788  INFO 15520 --- [restartedMain] com.zaxxer.hikari.HikariDataSource       : HikariPool-1 - Starting...
2023-05-04 18:48:37.971  INFO 15520 --- [restartedMain] com.zaxxer.hikari.HikariDataSource       : HikariPool-1 - Start completed.
2023-05-04 18:48:38.330  INFO 15520 --- [restartedMain] j.LocalContainerEntityManagerFactoryBean : Initialized JPA EntityManagerFactory for persistence unit 'default'
2023-05-04 18:48:38.692  INFO 15520 --- [restartedMain] .s.s.UserDetailsServiceAutoConfiguration : 

Using generated security password: 4927cb4e-047e-405c-8d19-9a6beb0e4591

2023-05-04 18:48:38.749  INFO 15520 --- [restartedMain] o.s.s.web.DefaultSecurityFilterChain     : Will secure any request with [org.springframework.security.web.context.request.async.WebAsyncManagerIntegrationFilter@5524fd7e, org.springframework.security.web.context.SecurityContextPersistenceFilter@69caa2cd, org.springframework.security.web.header.HeaderWriterFilter@d604d64, org.springframework.security.web.csrf.CsrfFilter@1e61bdf2, org.springframework.security.web.authentication.logout.LogoutFilter@5f03a1cd, org.springframework.security.web.authentication.UsernamePasswordAuthenticationFilter@6ad2b71a, org.springframework.security.web.authentication.ui.DefaultLoginPageGeneratingFilter@23eee2b2, org.springframework.security.web.authentication.ui.DefaultLogoutPageGeneratingFilter@649d33ab, org.springframework.security.web.authentication.www.BasicAuthenticationFilter@2bc7738a, org.springframework.security.web.savedrequest.RequestCacheAwareFilter@44173944, org.springframework.security.web.servletapi.SecurityContextHolderAwareRequestFilter@54899ffb, org.springframework.security.web.authentication.AnonymousAuthenticationFilter@74d65791, org.springframework.security.web.session.SessionManagementFilter@70bdf017, org.springframework.security.web.access.ExceptionTranslationFilter@1c4fd64b, org.springframework.security.web.access.intercept.FilterSecurityInterceptor@3649f6a0]
2023-05-04 18:48:38.782  INFO 15520 --- [restartedMain] o.s.b.d.a.OptionalLiveReloadServer       : LiveReload server is running on port 35729
2023-05-04 18:48:38.800  INFO 15520 --- [restartedMain] o.s.b.w.embedded.tomcat.TomcatWebServer  : Tomcat started on port(s): 8080 (http) with context path ''
2023-05-04 18:48:38.807  INFO 15520 --- [restartedMain] org.example.Application                  : Started Application in 2.255 seconds (JVM running for 2.641)
2023-05-04 18:48:44.864  INFO 15520 --- [http-nio-8080-exec-1] o.a.c.c.C.[Tomcat].[localhost].[/]       : Initializing Spring DispatcherServlet 'dispatcherServlet'
2023-05-04 18:48:44.864  INFO 15520 --- [http-nio-8080-exec-1] o.s.web.servlet.DispatcherServlet        : Initializing Servlet 'dispatcherServlet'
2023-05-04 18:48:44.865  INFO 15520 --- [http-nio-8080-exec-1] o.s.web.servlet.DispatcherServlet        : Completed initialization in 1 ms
2023-05-04 18:54:32.288  INFO 15520 --- [SpringApplicationShutdownHook] j.LocalContainerEntityManagerFactoryBean : Closing JPA EntityManagerFactory for persistence unit 'default'
2023-05-04 18:54:32.290  INFO 15520 --- [SpringApplicationShutdownHook] com.zaxxer.hikari.HikariDataSource       : HikariPool-1 - Shutdown initiated...
2023-05-04 18:54:32.294  INFO 15520 --- [SpringApplicationShutdownHook] com.zaxxer.hikari.HikariDataSource       : HikariPool-1 - Shutdown completed.
2023-05-04 18:54:35.381  INFO 3460 --- [restartedMain] org.example.Application                  : Starting Application using Java 19.0.1 on DESKTOP-5K4RKEC with PID 3460 (C:\Users\User\IdeaProjects\SpaceLab_2_1\target\classes started by User in C:\Users\User\IdeaProjects\SpaceLab_2_1)
2023-05-04 18:54:35.382  INFO 3460 --- [restartedMain] org.example.Application                  : No active profile set, falling back to default profiles: default
2023-05-04 18:54:35.410  INFO 3460 --- [restartedMain] .e.DevToolsPropertyDefaultsPostProcessor : Devtools property defaults active! Set 'spring.devtools.add-properties' to 'false' to disable
2023-05-04 18:54:35.410  INFO 3460 --- [restartedMain] .e.DevToolsPropertyDefaultsPostProcessor : For additional web related logging consider setting the 'logging.level.web' property to 'DEBUG'
2023-05-04 18:54:35.744  INFO 3460 --- [restartedMain] .s.d.r.c.RepositoryConfigurationDelegate : Bootstrapping Spring Data JPA repositories in DEFAULT mode.
2023-05-04 18:54:35.776  INFO 3460 --- [restartedMain] .s.d.r.c.RepositoryConfigurationDelegate : Finished Spring Data repository scanning in 26 ms. Found 1 JPA repository interfaces.
2023-05-04 18:54:36.105  INFO 3460 --- [restartedMain] o.s.b.w.embedded.tomcat.TomcatWebServer  : Tomcat initialized with port(s): 8080 (http)
2023-05-04 18:54:36.110  INFO 3460 --- [restartedMain] o.apache.catalina.core.StandardService   : Starting service [Tomcat]
2023-05-04 18:54:36.110  INFO 3460 --- [restartedMain] org.apache.catalina.core.StandardEngine  : Starting Servlet engine: [Apache Tomcat/9.0.56]
2023-05-04 18:54:36.151  INFO 3460 --- [restartedMain] o.a.c.c.C.[Tomcat].[localhost].[/]       : Initializing Spring embedded WebApplicationContext
2023-05-04 18:54:36.151  INFO 3460 --- [restartedMain] w.s.c.ServletWebServerApplicationContext : Root WebApplicationContext: initialization completed in 740 ms
2023-05-04 18:54:36.403  INFO 3460 --- [restartedMain] com.zaxxer.hikari.HikariDataSource       : HikariPool-1 - Starting...
2023-05-04 18:54:36.576  INFO 3460 --- [restartedMain] com.zaxxer.hikari.HikariDataSource       : HikariPool-1 - Start completed.
2023-05-04 18:54:36.927  INFO 3460 --- [restartedMain] j.LocalContainerEntityManagerFactoryBean : Initialized JPA EntityManagerFactory for persistence unit 'default'
2023-05-04 18:54:37.282  INFO 3460 --- [restartedMain] .s.s.UserDetailsServiceAutoConfiguration : 

Using generated security password: 4a46e4e8-e296-4d89-bc36-8dce4f1c72cf

2023-05-04 18:54:37.337  INFO 3460 --- [restartedMain] o.s.s.web.DefaultSecurityFilterChain     : Will secure any request with [org.springframework.security.web.context.request.async.WebAsyncManagerIntegrationFilter@1e2f276b, org.springframework.security.web.context.SecurityContextPersistenceFilter@622c45a2, org.springframework.security.web.header.HeaderWriterFilter@6413b17d, org.springframework.security.web.csrf.CsrfFilter@465a4b64, org.springframework.security.web.authentication.logout.LogoutFilter@19dcd249, org.springframework.security.web.authentication.UsernamePasswordAuthenticationFilter@3212f280, org.springframework.security.web.authentication.ui.DefaultLoginPageGeneratingFilter@d556e21, org.springframework.security.web.authentication.ui.DefaultLogoutPageGeneratingFilter@c5cd942, org.springframework.security.web.authentication.www.BasicAuthenticationFilter@29725022, org.springframework.security.web.savedrequest.RequestCacheAwareFilter@5dc19493, org.springframework.security.web.servletapi.SecurityContextHolderAwareRequestFilter@2a4492bb, org.springframework.security.web.authentication.AnonymousAuthenticationFilter@37946bab, org.springframework.security.web.session.SessionManagementFilter@24f5f081, org.springframework.security.web.access.ExceptionTranslationFilter@56367cf9, org.springframework.security.web.access.intercept.FilterSecurityInterceptor@3dc95399]
2023-05-04 18:54:37.372  INFO 3460 --- [restartedMain] o.s.b.d.a.OptionalLiveReloadServer       : LiveReload server is running on port 35729
2023-05-04 18:54:37.392  INFO 3460 --- [restartedMain] o.s.b.w.embedded.tomcat.TomcatWebServer  : Tomcat started on port(s): 8080 (http) with context path ''
2023-05-04 18:54:37.398  INFO 3460 --- [restartedMain] org.example.Application                  : Started Application in 2.25 seconds (JVM running for 2.634)
2023-05-04 18:54:41.897  INFO 3460 --- [http-nio-8080-exec-1] o.a.c.c.C.[Tomcat].[localhost].[/]       : Initializing Spring DispatcherServlet 'dispatcherServlet'
2023-05-04 18:54:41.897  INFO 3460 --- [http-nio-8080-exec-1] o.s.web.servlet.DispatcherServlet        : Initializing Servlet 'dispatcherServlet'
2023-05-04 18:54:41.898  INFO 3460 --- [http-nio-8080-exec-1] o.s.web.servlet.DispatcherServlet        : Completed initialization in 1 ms
2023-05-04 18:54:59.628  INFO 3460 --- [SpringApplicationShutdownHook] j.LocalContainerEntityManagerFactoryBean : Closing JPA EntityManagerFactory for persistence unit 'default'
2023-05-04 18:54:59.630  INFO 3460 --- [SpringApplicationShutdownHook] com.zaxxer.hikari.HikariDataSource       : HikariPool-1 - Shutdown initiated...
2023-05-04 18:54:59.634  INFO 3460 --- [SpringApplicationShutdownHook] com.zaxxer.hikari.HikariDataSource       : HikariPool-1 - Shutdown completed.
2023-05-04 18:55:51.366  INFO 12160 --- [restartedMain] org.example.Application                  : Starting Application using Java 19.0.1 on DESKTOP-5K4RKEC with PID 12160 (C:\Users\User\IdeaProjects\SpaceLab_2_1\target\classes started by User in C:\Users\User\IdeaProjects\SpaceLab_2_1)
2023-05-04 18:55:51.367  INFO 12160 --- [restartedMain] org.example.Application                  : No active profile set, falling back to default profiles: default
2023-05-04 18:55:51.398  INFO 12160 --- [restartedMain] .e.DevToolsPropertyDefaultsPostProcessor : Devtools property defaults active! Set 'spring.devtools.add-properties' to 'false' to disable
2023-05-04 18:55:51.398  INFO 12160 --- [restartedMain] .e.DevToolsPropertyDefaultsPostProcessor : For additional web related logging consider setting the 'logging.level.web' property to 'DEBUG'
2023-05-04 18:55:51.749  INFO 12160 --- [restartedMain] .s.d.r.c.RepositoryConfigurationDelegate : Bootstrapping Spring Data JPA repositories in DEFAULT mode.
2023-05-04 18:55:51.783  INFO 12160 --- [restartedMain] .s.d.r.c.RepositoryConfigurationDelegate : Finished Spring Data repository scanning in 27 ms. Found 1 JPA repository interfaces.
2023-05-04 18:55:52.114  INFO 12160 --- [restartedMain] o.s.b.w.embedded.tomcat.TomcatWebServer  : Tomcat initialized with port(s): 8080 (http)
2023-05-04 18:55:52.118  INFO 12160 --- [restartedMain] o.apache.catalina.core.StandardService   : Starting service [Tomcat]
2023-05-04 18:55:52.118  INFO 12160 --- [restartedMain] org.apache.catalina.core.StandardEngine  : Starting Servlet engine: [Apache Tomcat/9.0.56]
2023-05-04 18:55:52.159  INFO 12160 --- [restartedMain] o.a.c.c.C.[Tomcat].[localhost].[/]       : Initializing Spring embedded WebApplicationContext
2023-05-04 18:55:52.160  INFO 12160 --- [restartedMain] w.s.c.ServletWebServerApplicationContext : Root WebApplicationContext: initialization completed in 762 ms
2023-05-04 18:55:52.418  INFO 12160 --- [restartedMain] com.zaxxer.hikari.HikariDataSource       : HikariPool-1 - Starting...
2023-05-04 18:55:52.591  INFO 12160 --- [restartedMain] com.zaxxer.hikari.HikariDataSource       : HikariPool-1 - Start completed.
2023-05-04 18:55:52.955  INFO 12160 --- [restartedMain] j.LocalContainerEntityManagerFactoryBean : Initialized JPA EntityManagerFactory for persistence unit 'default'
2023-05-04 18:55:53.320  INFO 12160 --- [restartedMain] .s.s.UserDetailsServiceAutoConfiguration : 

Using generated security password: 2b5ef3e5-d4ab-4f3d-96aa-02e01255b0e0

2023-05-04 18:55:53.377  INFO 12160 --- [restartedMain] o.s.s.web.DefaultSecurityFilterChain     : Will secure any request with [org.springframework.security.web.context.request.async.WebAsyncManagerIntegrationFilter@69cceef0, org.springframework.security.web.context.SecurityContextPersistenceFilter@6e4ec5f8, org.springframework.security.web.header.HeaderWriterFilter@17a2a30a, org.springframework.security.web.csrf.CsrfFilter@8cac497, org.springframework.security.web.authentication.logout.LogoutFilter@56c9cafa, org.springframework.security.web.authentication.UsernamePasswordAuthenticationFilter@7b89f5c3, org.springframework.security.web.authentication.ui.DefaultLoginPageGeneratingFilter@61092958, org.springframework.security.web.authentication.ui.DefaultLogoutPageGeneratingFilter@112fc94b, org.springframework.security.web.authentication.www.BasicAuthenticationFilter@722521b7, org.springframework.security.web.savedrequest.RequestCacheAwareFilter@70b3f01f, org.springframework.security.web.servletapi.SecurityContextHolderAwareRequestFilter@28116d7f, org.springframework.security.web.authentication.AnonymousAuthenticationFilter@4a5c7a40, org.springframework.security.web.session.SessionManagementFilter@561b268c, org.springframework.security.web.access.ExceptionTranslationFilter@61bfb0e0, org.springframework.security.web.access.intercept.FilterSecurityInterceptor@4de1e8dd]
2023-05-04 18:55:53.413  INFO 12160 --- [restartedMain] o.s.b.d.a.OptionalLiveReloadServer       : LiveReload server is running on port 35729
2023-05-04 18:55:53.432  INFO 12160 --- [restartedMain] o.s.b.w.embedded.tomcat.TomcatWebServer  : Tomcat started on port(s): 8080 (http) with context path ''
2023-05-04 18:55:53.439  INFO 12160 --- [restartedMain] org.example.Application                  : Started Application in 2.294 seconds (JVM running for 2.694)
2023-05-04 18:55:56.110  INFO 12160 --- [http-nio-8080-exec-1] o.a.c.c.C.[Tomcat].[localhost].[/]       : Initializing Spring DispatcherServlet 'dispatcherServlet'
2023-05-04 18:55:56.110  INFO 12160 --- [http-nio-8080-exec-1] o.s.web.servlet.DispatcherServlet        : Initializing Servlet 'dispatcherServlet'
2023-05-04 18:55:56.111  INFO 12160 --- [http-nio-8080-exec-1] o.s.web.servlet.DispatcherServlet        : Completed initialization in 1 ms
2023-05-04 19:01:02.876  INFO 12160 --- [SpringApplicationShutdownHook] j.LocalContainerEntityManagerFactoryBean : Closing JPA EntityManagerFactory for persistence unit 'default'
2023-05-04 19:01:02.878  INFO 12160 --- [SpringApplicationShutdownHook] com.zaxxer.hikari.HikariDataSource       : HikariPool-1 - Shutdown initiated...
2023-05-04 19:01:02.882  INFO 12160 --- [SpringApplicationShutdownHook] com.zaxxer.hikari.HikariDataSource       : HikariPool-1 - Shutdown completed.
